###############################################################################
#                                                                             #
# IAR C/C++ Compiler V8.10.1.10194/W32 for 8051         24/Mar/2015  10:59:14 #
# Copyright 2004-2011 IAR Systems AB.                                         #
#                                                                             #
#    Core               =  plain                                              #
#    Code model         =  banked                                             #
#    Data model         =  large                                              #
#    Calling convention =  xdata reentrant                                    #
#    Constant location  =  data_rom                                           #
#    Dptr setup         =  1,16                                               #
#    Source file        =  C:\Texas Instruments\ZStack-CC2530-2.3.0-1.4.0\Pro #
#                          jects\zstack\Samples\SerialApp\Source\SerialApp.c  #
#    Command line       =  -f "C:\Texas Instruments\ZStack-CC2530-2.3.0-1.4.0 #
#                          \Projects\zstack\Samples\SerialApp\CC2530DB\..\..\ #
#                          ..\Tools\CC2530DB\f8wCoord.cfg" (-DCPU32MHZ        #
#                          -DROOT=__near_func -DMAC_CFG_APP_PENDING_QUEUE=TRU #
#                          E -DZDO_COORDINATOR -DRTR_NWK -DBLINK_LEDS) -f     #
#                          "C:\Texas Instruments\ZStack-CC2530-2.3.0-1.4.0\Pr #
#                          ojects\zstack\Samples\SerialApp\CC2530DB\..\..\..\ #
#                          Tools\CC2530DB\f8wConfig.cfg" (-DSECURE=0          #
#                          -DZG_SECURE_DYNAMIC=0 -DREFLECTOR                  #
#                          -DDEFAULT_CHANLIST=0x00000800                      #
#                          -DZDAPP_CONFIG_PAN_ID=0xFFFF                       #
#                          -DNWK_START_DELAY=100 -DEXTENDED_JOINING_RANDOM_MA #
#                          SK=0x007F -DBEACON_REQUEST_DELAY=100               #
#                          -DBEACON_REQ_DELAY_MASK=0x00FF                     #
#                          -DROUTE_EXPIRY_TIME=30 -DAPSC_ACK_WAIT_DURATION_PO #
#                          LLED=3000 -DNWK_INDIRECT_MSG_TIMEOUT=7             #
#                          -DMAX_RREQ_ENTRIES=8 -DAPSC_MAX_FRAME_RETRIES=3    #
#                          -DNWK_MAX_DATA_RETRIES=2                           #
#                          -DMAX_POLL_FAILURE_RETRIES=2 -DMAX_BCAST=9         #
#                          -DAPS_MAX_GROUPS=16 -DMAX_RTG_ENTRIES=40           #
#                          -DNWK_MAX_BINDING_ENTRIES=4                        #
#                          -DMAX_BINDING_CLUSTER_IDS=4 "-DDEFAULT_KEY={0x01,  #
#                          0x03, 0x05, 0x07, 0x09, 0x0B, 0x0D, 0x0F, 0x00,    #
#                          0x02, 0x04, 0x06, 0x08, 0x0A, 0x0C, 0x0D}"         #
#                          -DMAC_MAX_FRAME_SIZE=116 "-DCONST=const __code"    #
#                          -DGENERIC=__generic -DRFD_RCVC_ALWAYS_ON=FALSE     #
#                          -DPOLL_RATE=1000 -DQUEUED_POLL_RATE=100            #
#                          -DRESPONSE_POLL_RATE=100) -DREJOIN_POLL_RATE=440   #
#                          "C:\Texas Instruments\ZStack-CC2530-2.3.0-1.4.0\Pr #
#                          ojects\zstack\Samples\SerialApp\Source\SerialApp.c #
#                          " -D ZTOOL_P1 -D MT_TASK -D MT_SYS_FUNC -D         #
#                          MT_ZDO_FUNC -D LCD_SUPPORTED=DEBUG -lC "C:\Texas   #
#                          Instruments\ZStack-CC2530-2.3.0-1.4.0\Projects\zst #
#                          ack\Samples\SerialApp\CC2530DB\CoordinatorEB\List\ #
#                          " -lA "C:\Texas Instruments\ZStack-CC2530-2.3.0-1. #
#                          4.0\Projects\zstack\Samples\SerialApp\CC2530DB\Coo #
#                          rdinatorEB\List\" --diag_suppress Pe001,Pa010 -o   #
#                          "C:\Texas Instruments\ZStack-CC2530-2.3.0-1.4.0\Pr #
#                          ojects\zstack\Samples\SerialApp\CC2530DB\Coordinat #
#                          orEB\Obj\" -e --debug --core=plain --dptr=16,1     #
#                          --data_model=large --code_model=banked             #
#                          --calling_convention=xdata_reentrant               #
#                          --place_constants=data_rom --nr_virtual_regs 16    #
#                          -I "C:\Texas Instruments\ZStack-CC2530-2.3.0-1.4.0 #
#                          \Projects\zstack\Samples\SerialApp\CC2530DB\" -I   #
#                          "C:\Texas Instruments\ZStack-CC2530-2.3.0-1.4.0\Pr #
#                          ojects\zstack\Samples\SerialApp\CC2530DB\..\SOURCE #
#                          \" -I "C:\Texas Instruments\ZStack-CC2530-2.3.0-1. #
#                          4.0\Projects\zstack\Samples\SerialApp\CC2530DB\..\ #
#                          ..\..\ZMAIN\TI2530DB\" -I "C:\Texas                #
#                          Instruments\ZStack-CC2530-2.3.0-1.4.0\Projects\zst #
#                          ack\Samples\SerialApp\CC2530DB\..\..\..\..\..\COMP #
#                          ONENTS\MT\" -I "C:\Texas                           #
#                          Instruments\ZStack-CC2530-2.3.0-1.4.0\Projects\zst #
#                          ack\Samples\SerialApp\CC2530DB\..\..\..\..\..\COMP #
#                          ONENTS\HAL\INCLUDE\" -I "C:\Texas                  #
#                          Instruments\ZStack-CC2530-2.3.0-1.4.0\Projects\zst #
#                          ack\Samples\SerialApp\CC2530DB\..\..\..\..\..\COMP #
#                          ONENTS\HAL\TARGET\CC2530EB\" -I "C:\Texas          #
#                          Instruments\ZStack-CC2530-2.3.0-1.4.0\Projects\zst #
#                          ack\Samples\SerialApp\CC2530DB\..\..\..\..\..\COMP #
#                          ONENTS\OSAL\MCU\CCSOC\" -I "C:\Texas               #
#                          Instruments\ZStack-CC2530-2.3.0-1.4.0\Projects\zst #
#                          ack\Samples\SerialApp\CC2530DB\..\..\..\..\..\COMP #
#                          ONENTS\OSAL\INCLUDE\" -I "C:\Texas                 #
#                          Instruments\ZStack-CC2530-2.3.0-1.4.0\Projects\zst #
#                          ack\Samples\SerialApp\CC2530DB\..\..\..\..\..\COMP #
#                          ONENTS\STACK\AF\" -I "C:\Texas                     #
#                          Instruments\ZStack-CC2530-2.3.0-1.4.0\Projects\zst #
#                          ack\Samples\SerialApp\CC2530DB\..\..\..\..\..\COMP #
#                          ONENTS\STACK\NWK\" -I "C:\Texas                    #
#                          Instruments\ZStack-CC2530-2.3.0-1.4.0\Projects\zst #
#                          ack\Samples\SerialApp\CC2530DB\..\..\..\..\..\COMP #
#                          ONENTS\STACK\SEC\" -I "C:\Texas                    #
#                          Instruments\ZStack-CC2530-2.3.0-1.4.0\Projects\zst #
#                          ack\Samples\SerialApp\CC2530DB\..\..\..\..\..\COMP #
#                          ONENTS\STACK\SAPI\" -I "C:\Texas                   #
#                          Instruments\ZStack-CC2530-2.3.0-1.4.0\Projects\zst #
#                          ack\Samples\SerialApp\CC2530DB\..\..\..\..\..\COMP #
#                          ONENTS\STACK\SYS\" -I "C:\Texas                    #
#                          Instruments\ZStack-CC2530-2.3.0-1.4.0\Projects\zst #
#                          ack\Samples\SerialApp\CC2530DB\..\..\..\..\..\COMP #
#                          ONENTS\STACK\ZDO\" -I "C:\Texas                    #
#                          Instruments\ZStack-CC2530-2.3.0-1.4.0\Projects\zst #
#                          ack\Samples\SerialApp\CC2530DB\..\..\..\..\..\COMP #
#                          ONENTS\ZMAC\F8W\" -I "C:\Texas                     #
#                          Instruments\ZStack-CC2530-2.3.0-1.4.0\Projects\zst #
#                          ack\Samples\SerialApp\CC2530DB\..\..\..\..\..\COMP #
#                          ONENTS\ZMAC\" -I "C:\Texas                         #
#                          Instruments\ZStack-CC2530-2.3.0-1.4.0\Projects\zst #
#                          ack\Samples\SerialApp\CC2530DB\..\..\..\..\..\COMP #
#                          ONENTS\SERVICES\SADDR\" -I "C:\Texas               #
#                          Instruments\ZStack-CC2530-2.3.0-1.4.0\Projects\zst #
#                          ack\Samples\SerialApp\CC2530DB\..\..\..\..\..\COMP #
#                          ONENTS\SERVICES\SDATA\" -I "C:\Texas               #
#                          Instruments\ZStack-CC2530-2.3.0-1.4.0\Projects\zst #
#                          ack\Samples\SerialApp\CC2530DB\..\..\..\..\..\COMP #
#                          ONENTS\MAC\INCLUDE\" -I "C:\Texas                  #
#                          Instruments\ZStack-CC2530-2.3.0-1.4.0\Projects\zst #
#                          ack\Samples\SerialApp\CC2530DB\..\..\..\..\..\COMP #
#                          ONENTS\MAC\HIGH_LEVEL\" -I "C:\Texas               #
#                          Instruments\ZStack-CC2530-2.3.0-1.4.0\Projects\zst #
#                          ack\Samples\SerialApp\CC2530DB\..\..\..\..\..\COMP #
#                          ONENTS\MAC\LOW_LEVEL\srf04\" -I "C:\Texas          #
#                          Instruments\ZStack-CC2530-2.3.0-1.4.0\Projects\zst #
#                          ack\Samples\SerialApp\CC2530DB\..\..\..\..\..\COMP #
#                          ONENTS\MAC\LOW_LEVEL\srf04\SINGLE_CHIP\" -Ohz      #
#                          --require_prototypes                               #
#    List file          =  C:\Texas Instruments\ZStack-CC2530-2.3.0-1.4.0\Pro #
#                          jects\zstack\Samples\SerialApp\CC2530DB\Coordinato #
#                          rEB\List\SerialApp.lst                             #
#    Object file        =  C:\Texas Instruments\ZStack-CC2530-2.3.0-1.4.0\Pro #
#                          jects\zstack\Samples\SerialApp\CC2530DB\Coordinato #
#                          rEB\Obj\SerialApp.r51                              #
#                                                                             #
#                                                                             #
###############################################################################

C:\Texas Instruments\ZStack-CC2530-2.3.0-1.4.0\Projects\zstack\Samples\SerialApp\Source\SerialApp.c
      1          /**************************************************************************************************
      2            Filename:       SampleApp.c
      3            Revised:        $Date: 2009-03-18 15:56:27 -0700 (Wed, 18 Mar 2009) $
      4            Revision:       $Revision: 19453 $
      5          
      6            Description:    Sample Application (no Profile).
      7          
      8          
      9            Copyright 2007 Texas Instruments Incorporated. All rights reserved.
     10          
     11            IMPORTANT: Your use of this Software is limited to those specific rights
     12            granted under the terms of a software license agreement between the user
     13            who downloaded the software, his/her employer (which must be your employer)
     14            and Texas Instruments Incorporated (the "License").  You may not use this
     15            Software unless you agree to abide by the terms of the License. The License
     16            limits your use, and you acknowledge, that the Software may not be modified,
     17            copied or distributed unless embedded on a Texas Instruments microcontroller
     18            or used solely and exclusively in conjunction with a Texas Instruments radio
     19            frequency transceiver, which is integrated into your product.  Other than for
     20            the foregoing purpose, you may not use, reproduce, copy, prepare derivative
     21            works of, modify, distribute, perform, display or sell this Software and/or
     22            its documentation for any purpose.
     23          
     24            YOU FURTHER ACKNOWLEDGE AND AGREE THAT THE SOFTWARE AND DOCUMENTATION ARE
     25            PROVIDED “AS IS?WITHOUT WARRANTY OF ANY KIND, EITHER EXPRESS OR IMPLIED,
     26            INCLUDING WITHOUT LIMITATION, ANY WARRANTY OF MERCHANTABILITY, TITLE,
     27            NON-INFRINGEMENT AND FITNESS FOR A PARTICULAR PURPOSE. IN NO EVENT SHALL
     28            TEXAS INSTRUMENTS OR ITS LICENSORS BE LIABLE OR OBLIGATED UNDER CONTRACT,
     29            NEGLIGENCE, STRICT LIABILITY, CONTRIBUTION, BREACH OF WARRANTY, OR OTHER
     30            LEGAL EQUITABLE THEORY ANY DIRECT OR INDIRECT DAMAGES OR EXPENSES
     31            INCLUDING BUT NOT LIMITED TO ANY INCIDENTAL, SPECIAL, INDIRECT, PUNITIVE
     32            OR CONSEQUENTIAL DAMAGES, LOST PROFITS OR LOST DATA, COST OF PROCUREMENT
     33            OF SUBSTITUTE GOODS, TECHNOLOGY, SERVICES, OR ANY CLAIMS BY THIRD PARTIES
     34            (INCLUDING BUT NOT LIMITED TO ANY DEFENSE THEREOF), OR OTHER SIMILAR COSTS.
     35          
     36            Should you have any questions regarding your right to use this Software,
     37            contact Texas Instruments Incorporated at www.TI.com.
     38          **************************************************************************************************/
     39          
     40          /*********************************************************************
     41            This application isn't intended to do anything useful, it is
     42            intended to be a simple example of an application's structure.
     43          
     44            This application sends it's messages either as broadcast or
     45            broadcast filtered group messages.  The other (more normal)
     46            message addressing is unicast.  Most of the other sample
     47            applications are written to support the unicast message model.
     48          
     49            Key control:
     50              SW1:  Sends a flash command to all devices in Group 1.
     51              SW2:  Adds/Removes (toggles) this device in and out
     52                    of Group 1.  This will enable and disable the
     53                    reception of the flash command.
     54          *********************************************************************/
     55          
     56          /*********************************************************************
     57           * INCLUDES
     58           */
     59          #include "OSAL.h"
     60          #include "ZGlobals.h"
     61          #include "AF.h"
     62          #include "aps_groups.h"
     63          #include "ZDApp.h"
     64          
     65          #include "SerialApp.h"
     66          #include "SerialAppHw.h"
     67          
     68          #include "OnBoard.h"
     69          
     70          /* HAL */
     71          #include "hal_lcd.h"
     72          #include "hal_led.h"
     73          #include "hal_key.h"
     74          
     75          /*********************************************************************
     76           * MACROS
     77           */
     78          
     79          /*********************************************************************
     80           * CONSTANTS
     81           */
     82          
     83          /*********************************************************************
     84           * TYPEDEFS
     85           */
     86          
     87          /*********************************************************************
     88           * GLOBAL VARIABLES
     89           */
     90          
     91          // This list should be filled with Application specific Cluster IDs.

   \                                 In  segment XDATA_ROM_C, align 1
     92          const cId_t SampleApp_ClusterList[SAMPLEAPP_MAX_CLUSTERS] =
   \                     SampleApp_ClusterList:
   \   000000   0100         DW 1
   \   000002   0200         DW 2
     93          {
     94            SAMPLEAPP_PERIODIC_CLUSTERID,
     95            SAMPLEAPP_FLASH_CLUSTERID
     96          };
     97          

   \                                 In  segment XDATA_ROM_C, align 1
     98          const SimpleDescriptionFormat_t SampleApp_SimpleDesc =
   \                     SampleApp_SimpleDesc:
   \   000000   14           DB 20
   \   000001   080F         DW 3848
   \   000003   0100         DW 1
   \   000005   00           DB 0
   \   000006   02           DB 2
   \   000007   ....         DW SampleApp_ClusterList
   \   000009   02           DB 2
   \   00000A   ....         DW SampleApp_ClusterList
     99          {
    100            SAMPLEAPP_ENDPOINT,              //  int Endpoint;
    101            SAMPLEAPP_PROFID,                //  uint16 AppProfId[2];
    102            SAMPLEAPP_DEVICEID,              //  uint16 AppDeviceId[2];
    103            SAMPLEAPP_DEVICE_VERSION,        //  int   AppDevVer:4;
    104            SAMPLEAPP_FLAGS,                 //  int   AppFlags:4;
    105            SAMPLEAPP_MAX_CLUSTERS,          //  uint8  AppNumInClusters;
    106            (cId_t *)SampleApp_ClusterList,  //  uint8 *pAppInClusterList;
    107            SAMPLEAPP_MAX_CLUSTERS,          //  uint8  AppNumInClusters;
    108            (cId_t *)SampleApp_ClusterList   //  uint8 *pAppInClusterList;
    109          };
    110          
    111          // This is the Endpoint/Interface description.  It is defined here, but
    112          // filled-in in SampleApp_Init().  Another way to go would be to fill
    113          // in the structure here and make it a "const" (in code space).  The
    114          // way it's defined in this sample app it is define in RAM.

   \                                 In  segment XDATA_Z, align 1, keep-with-next
    115          endPointDesc_t SampleApp_epDesc;
   \                     SampleApp_epDesc:
   \   000000                DS 6
   \   000006                REQUIRE __INIT_XDATA_Z
    116          
    117          /*********************************************************************
    118           * EXTERNAL VARIABLES
    119           */
    120          
    121          /*********************************************************************
    122           * EXTERNAL FUNCTIONS
    123           */
    124          
    125          /*********************************************************************
    126           * LOCAL VARIABLES
    127           */

   \                                 In  segment XDATA_Z, align 1, keep-with-next
    128          uint8 SampleApp_TaskID;   // Task ID for internal task/event processing
   \                     SampleApp_TaskID:
   \   000000                DS 1
   \   000001                REQUIRE __INIT_XDATA_Z
    129                                    // This variable will be received when
    130                                    // SampleApp_Init() is called.

   \                                 In  segment XDATA_Z, align 1, keep-with-next
    131          devStates_t SampleApp_NwkState;
   \                     SampleApp_NwkState:
   \   000000                DS 1
   \   000001                REQUIRE __INIT_XDATA_Z
    132          

   \                                 In  segment XDATA_Z, align 1, keep-with-next
    133          uint8 SampleApp_TransID;  // This is the unique message ID (counter)
   \                     SampleApp_TransID:
   \   000000                DS 1
   \   000001                REQUIRE __INIT_XDATA_Z
    134          

   \                                 In  segment XDATA_Z, align 1, keep-with-next
    135          afAddrType_t SampleApp_Periodic_DstAddr;
   \                     SampleApp_Periodic_DstAddr:
   \   000000                DS 12
   \   00000C                REQUIRE __INIT_XDATA_Z

   \                                 In  segment XDATA_Z, align 1, keep-with-next
    136          afAddrType_t SampleApp_Flash_DstAddr;
   \                     SampleApp_Flash_DstAddr:
   \   000000                DS 12
   \   00000C                REQUIRE __INIT_XDATA_Z
    137          

   \                                 In  segment XDATA_Z, align 1, keep-with-next
    138          aps_Group_t SampleApp_Group;
   \                     SampleApp_Group:
   \   000000                DS 18
   \   000012                REQUIRE __INIT_XDATA_Z
    139          

   \                                 In  segment XDATA_Z, align 1, keep-with-next
    140          uint8 SampleAppPeriodicCounter = 0;
   \                     SampleAppPeriodicCounter:
   \   000000                DS 1
   \   000001                REQUIRE __INIT_XDATA_Z

   \                                 In  segment XDATA_Z, align 1, keep-with-next
    141          uint8 SampleAppFlashCounter = 0;
   \                     SampleAppFlashCounter:
   \   000000                DS 1
   \   000001                REQUIRE __INIT_XDATA_Z
    142          
    143          /*********************************************************************
    144           * LOCAL FUNCTIONS
    145           */
    146          void SampleApp_HandleKeys( uint8 shift, uint8 keys );
    147          void SampleApp_MessageMSGCB( afIncomingMSGPacket_t *pckt );
    148          void SampleApp_SendPeriodicMessage( void );
    149          void SampleApp_SendFlashMessage( uint16 flashTime );
    150          
    151          /*********************************************************************
    152           * NETWORK LAYER CALLBACKS
    153           */
    154          
    155          /*********************************************************************
    156           * PUBLIC FUNCTIONS
    157           */
    158          
    159          /*********************************************************************
    160           * @fn      SampleApp_Init
    161           *
    162           * @brief   Initialization function for the Generic App Task.
    163           *          This is called during initialization and should contain
    164           *          any application specific initialization (ie. hardware
    165           *          initialization/setup, table initialization, power up
    166           *          notificaiton ... ).
    167           *
    168           * @param   task_id - the ID assigned by OSAL.  This ID should be
    169           *                    used to send messages and set timers.
    170           *
    171           * @return  none
    172           */

   \                                 In  segment BANKED_CODE, align 1, keep-with-next
    173          void SampleApp_Init( uint8 task_id )
   \                     SampleApp_Init:
    174          {
   \   000000   74F5         MOV     A,#-0xb
   \   000002   12....       LCALL   ?BANKED_ENTER_XDATA
   \   000005                ; Saved register size: 11
   \   000005                ; Auto size: 0
   \   000005   E9           MOV     A,R1
    175            SampleApp_TaskID = task_id;
   \   000006   90....       MOV     DPTR,#SampleApp_TaskID
   \   000009   F0           MOVX    @DPTR,A
    176            SampleApp_NwkState = DEV_INIT;
   \   00000A   90....       MOV     DPTR,#SampleApp_NwkState
   \   00000D   7401         MOV     A,#0x1
   \   00000F   F0           MOVX    @DPTR,A
    177            SampleApp_TransID = 0;
   \   000010   90....       MOV     DPTR,#SampleApp_TransID
   \   000013   E4           CLR     A
   \   000014   F0           MOVX    @DPTR,A
    178            
    179            
    180             HalUARTWrite(0,"123", 3);
   \   000015                ; Setup parameters for call to function HalUARTWrite
   \   000015   7C03         MOV     R4,#0x3
   \   000017   FD           MOV     R5,A
   \   000018   7A..         MOV     R2,#`?<Constant "123">` & 0xff
   \   00001A   7B..         MOV     R3,#(`?<Constant "123">` >> 8) & 0xff
   \   00001C   F9           MOV     R1,A
   \   00001D   12....       LCALL   ??HalUARTWrite?relay
    181          
    182            // Device hardware initialization can be added here or in main() (Zmain.c).
    183            // If the hardware is application specific - add it here.
    184            // If the hardware is other parts of the device add it in main().
    185          
    186           #if defined ( BUILD_ALL_DEVICES )
    187            // The "Demo" target is setup to have BUILD_ALL_DEVICES and HOLD_AUTO_START
    188            // We are looking at a jumper (defined in SampleAppHw.c) to be jumpered
    189            // together - if they are - we will start up a coordinator. Otherwise,
    190            // the device will start as a router.
    191            if ( readCoordinatorJumper() )
    192              zgDeviceLogicalType = ZG_DEVICETYPE_COORDINATOR;
    193            else
    194              zgDeviceLogicalType = ZG_DEVICETYPE_ROUTER;
    195          #endif // BUILD_ALL_DEVICES
    196          
    197          #if defined ( HOLD_AUTO_START )
    198            // HOLD_AUTO_START is a compile option that will surpress ZDApp
    199            //  from starting the device and wait for the application to
    200            //  start the device.
    201            ZDOInitDevice(0);
    202          #endif
    203          
    204            // Setup for the periodic message's destination address
    205            // Broadcast to everyone
    206            SampleApp_Periodic_DstAddr.addrMode = (afAddrMode_t)AddrBroadcast;
   \   000020   90....       MOV     DPTR,#SampleApp_Periodic_DstAddr + 8
   \   000023   740F         MOV     A,#0xf
   \   000025   F0           MOVX    @DPTR,A
    207            SampleApp_Periodic_DstAddr.endPoint = SAMPLEAPP_ENDPOINT;
   \   000026   A3           INC     DPTR
   \   000027   7414         MOV     A,#0x14
   \   000029   F0           MOVX    @DPTR,A
    208            SampleApp_Periodic_DstAddr.addr.shortAddr = 0xFFFF;
   \   00002A   90....       MOV     DPTR,#SampleApp_Periodic_DstAddr
   \   00002D   74FF         MOV     A,#-0x1
   \   00002F   F0           MOVX    @DPTR,A
   \   000030   A3           INC     DPTR
   \   000031   F0           MOVX    @DPTR,A
    209          
    210            // Setup for the flash command's destination address - Group 1
    211            SampleApp_Flash_DstAddr.addrMode = (afAddrMode_t)afAddrGroup;
   \   000032   90....       MOV     DPTR,#SampleApp_Flash_DstAddr + 8
   \   000035   7401         MOV     A,#0x1
   \   000037   F0           MOVX    @DPTR,A
    212            SampleApp_Flash_DstAddr.endPoint = SAMPLEAPP_ENDPOINT;
   \   000038   A3           INC     DPTR
   \   000039   7414         MOV     A,#0x14
   \   00003B   F0           MOVX    @DPTR,A
    213            SampleApp_Flash_DstAddr.addr.shortAddr = SAMPLEAPP_FLASH_GROUP;
   \   00003C   90....       MOV     DPTR,#SampleApp_Flash_DstAddr
   \   00003F   7401         MOV     A,#0x1
   \   000041   F0           MOVX    @DPTR,A
   \   000042   A3           INC     DPTR
   \   000043   E4           CLR     A
   \   000044   F0           MOVX    @DPTR,A
    214          
    215            // Fill out the endpoint description.
    216            SampleApp_epDesc.endPoint = SAMPLEAPP_ENDPOINT;
   \   000045   90....       MOV     DPTR,#SampleApp_epDesc
   \   000048   7414         MOV     A,#0x14
   \   00004A   F0           MOVX    @DPTR,A
    217            SampleApp_epDesc.task_id = &SampleApp_TaskID;
   \   00004B   A3           INC     DPTR
   \   00004C   74..         MOV     A,#SampleApp_TaskID & 0xff
   \   00004E   F0           MOVX    @DPTR,A
   \   00004F   A3           INC     DPTR
   \   000050   74..         MOV     A,#(SampleApp_TaskID >> 8) & 0xff
   \   000052   F0           MOVX    @DPTR,A
    218            SampleApp_epDesc.simpleDesc
    219                      = (SimpleDescriptionFormat_t *)&SampleApp_SimpleDesc;
   \   000053   A3           INC     DPTR
   \   000054   74..         MOV     A,#SampleApp_SimpleDesc & 0xff
   \   000056   F0           MOVX    @DPTR,A
   \   000057   A3           INC     DPTR
   \   000058   74..         MOV     A,#(SampleApp_SimpleDesc >> 8) & 0xff
   \   00005A   F0           MOVX    @DPTR,A
    220            SampleApp_epDesc.latencyReq = noLatencyReqs;
   \   00005B   A3           INC     DPTR
   \   00005C   E4           CLR     A
   \   00005D   F0           MOVX    @DPTR,A
    221          
    222            // Register the endpoint description with the AF
    223            afRegister( &SampleApp_epDesc );
   \   00005E                ; Setup parameters for call to function afRegister
   \   00005E   7A..         MOV     R2,#SampleApp_epDesc & 0xff
   \   000060   7B..         MOV     R3,#(SampleApp_epDesc >> 8) & 0xff
   \   000062   12....       LCALL   ??afRegister?relay
    224          
    225            // Register for all key events - This app will handle all key events
    226            RegisterForKeys( SampleApp_TaskID );
   \   000065                ; Setup parameters for call to function RegisterForKeys
   \   000065   90....       MOV     DPTR,#SampleApp_TaskID
   \   000068   E0           MOVX    A,@DPTR
   \   000069   F9           MOV     R1,A
   \   00006A   12....       LCALL   ??RegisterForKeys?relay
    227          
    228            // By default, all devices start out in Group 1
    229            SampleApp_Group.ID = 0x0001;
   \   00006D   90....       MOV     DPTR,#SampleApp_Group
   \   000070   7401         MOV     A,#0x1
   \   000072   F0           MOVX    @DPTR,A
   \   000073   A3           INC     DPTR
   \   000074   E4           CLR     A
   \   000075   F0           MOVX    @DPTR,A
    230            osal_memcpy( SampleApp_Group.name, "Group 1", 7  );
   \   000076                ; Setup parameters for call to function osal_memcpy
   \   000076   75....       MOV     ?V0 + 0,#`?<Constant "Group 1">` & 0xff
   \   000079   75....       MOV     ?V0 + 1,#(`?<Constant "Group 1">` >> 8) & 0xff
   \   00007C   F5..         MOV     ?V0 + 2,A
   \   00007E   78..         MOV     R0,#?V0 + 0
   \   000080   12....       LCALL   ?PUSH_XSTACK_I_THREE
   \   000083   7C07         MOV     R4,#0x7
   \   000085   7D00         MOV     R5,#0x0
   \   000087   7A..         MOV     R2,#(SampleApp_Group + 2) & 0xff
   \   000089   7B..         MOV     R3,#((SampleApp_Group + 2) >> 8) & 0xff
   \   00008B   12....       LCALL   ??osal_memcpy?relay
   \   00008E   7403         MOV     A,#0x3
   \   000090   12....       LCALL   ?DEALLOC_XSTACK8
    231            aps_AddGroup( SAMPLEAPP_ENDPOINT, &SampleApp_Group );
   \   000093                ; Setup parameters for call to function aps_AddGroup
   \   000093   7A..         MOV     R2,#SampleApp_Group & 0xff
   \   000095   7B..         MOV     R3,#(SampleApp_Group >> 8) & 0xff
   \   000097   7914         MOV     R1,#0x14
   \   000099   12....       LCALL   ??aps_AddGroup?relay
    232          
    233          #if defined ( LCD_SUPPORTED )
    234            HalLcdWriteString( "SampleApp", HAL_LCD_LINE_1 );
   \   00009C                ; Setup parameters for call to function HalLcdWriteString
   \   00009C   7901         MOV     R1,#0x1
   \   00009E   7A..         MOV     R2,#`?<Constant "SampleApp">` & 0xff
   \   0000A0   7B..         MOV     R3,#(`?<Constant "SampleApp">` >> 8) & 0xff
   \   0000A2   12....       LCALL   ??HalLcdWriteString?relay
    235          #endif
    236          }
   \   0000A5   7F03         MOV     R7,#0x3
   \   0000A7   02....       LJMP    ?BANKED_LEAVE_XDATA
    237          
    238          /*********************************************************************
    239           * @fn      SampleApp_ProcessEvent
    240           *
    241           * @brief   Generic Application Task event processor.  This function
    242           *          is called to process all events for the task.  Events
    243           *          include timers, messages and any other user defined events.
    244           *
    245           * @param   task_id  - The OSAL assigned task ID.
    246           * @param   events - events to process.  This is a bit map and can
    247           *                   contain more than one event.
    248           *
    249           * @return  none
    250           */

   \                                 In  segment BANKED_CODE, align 1, keep-with-next
    251          uint16 SampleApp_ProcessEvent( uint8 task_id, uint16 events )
   \                     SampleApp_ProcessEvent:
    252          {
   \   000000   74F4         MOV     A,#-0xc
   \   000002   12....       LCALL   ?BANKED_ENTER_XDATA
   \   000005                ; Saved register size: 12
   \   000005                ; Auto size: 0
   \   000005   EA           MOV     A,R2
   \   000006   FE           MOV     R6,A
   \   000007   EB           MOV     A,R3
   \   000008   FF           MOV     R7,A
    253            afIncomingMSGPacket_t *MSGpkt;
    254            (void)task_id;  // Intentionally unreferenced parameter
    255          
    256            if ( events & SYS_EVENT_MSG )
   \   000009   5480         ANL     A,#0x80
   \   00000B   6079         JZ      ??SampleApp_ProcessEvent_0
    257            {
    258              MSGpkt = (afIncomingMSGPacket_t *)osal_msg_receive( SampleApp_TaskID );
   \   00000D                ; Setup parameters for call to function osal_msg_receive
   \   00000D   802B         SJMP    ??SampleApp_ProcessEvent_1
    259              while ( MSGpkt )
    260              {
    261                switch ( MSGpkt->hdr.event )
    262                {
    263                  // Received when a key is pressed
    264                  case KEY_CHANGE:
    265                    SampleApp_HandleKeys( ((keyChange_t *)MSGpkt)->state, ((keyChange_t *)MSGpkt)->keys );
    266                    break;
    267          
    268                  // Received when a messages is received (OTA) for this endpoint
    269                  case AF_INCOMING_MSG_CMD:
    270                    SampleApp_MessageMSGCB( MSGpkt );
    271                    break;
    272          
    273                  // Received whenever the device changes state in the network
    274                  case ZDO_STATE_CHANGE:
    275                    SampleApp_NwkState = (devStates_t)(MSGpkt->hdr.status);
   \                     ??SampleApp_ProcessEvent_2:
   \   00000F   A3           INC     DPTR
   \   000010   E0           MOVX    A,@DPTR
   \   000011   90....       MOV     DPTR,#SampleApp_NwkState
   \   000014   F0           MOVX    @DPTR,A
    276                    if ( (SampleApp_NwkState == DEV_ZB_COORD)
    277                        || (SampleApp_NwkState == DEV_ROUTER)
    278                        || (SampleApp_NwkState == DEV_END_DEVICE) )
   \   000015   6409         XRL     A,#0x9
   \   000017   600A         JZ      ??SampleApp_ProcessEvent_3
   \   000019   E0           MOVX    A,@DPTR
   \   00001A   6407         XRL     A,#0x7
   \   00001C   6005         JZ      ??SampleApp_ProcessEvent_3
   \   00001E   E0           MOVX    A,@DPTR
   \   00001F   6406         XRL     A,#0x6
   \   000021   7010         JNZ     ??SampleApp_ProcessEvent_4
    279                    {
    280                      // Start sending the periodic message in a regular interval.
    281                      osal_start_timerEx( SampleApp_TaskID,
    282                                        SAMPLEAPP_SEND_PERIODIC_MSG_EVT,
    283                                        SAMPLEAPP_SEND_PERIODIC_MSG_TIMEOUT );
   \                     ??SampleApp_ProcessEvent_3:
   \   000023                ; Setup parameters for call to function osal_start_timerEx
   \   000023   7C88         MOV     R4,#-0x78
   \   000025   7D13         MOV     R5,#0x13
   \   000027   7A01         MOV     R2,#0x1
   \   000029   7B00         MOV     R3,#0x0
   \   00002B   90....       MOV     DPTR,#SampleApp_TaskID
   \   00002E   E0           MOVX    A,@DPTR
   \   00002F   F9           MOV     R1,A
   \   000030   12....       LCALL   ??osal_start_timerEx?relay
    284                    }
    285                    else
    286                    {
    287                      // Device is no longer in the network
    288                    }
    289                    break;
    290          
    291                  default:
    292                    break;
    293                }
    294          
    295                // Release the memory
    296                osal_msg_deallocate( (uint8 *)MSGpkt );
   \                     ??SampleApp_ProcessEvent_4:
   \   000033                ; Setup parameters for call to function osal_msg_deallocate
   \   000033   AA..         MOV     R2,?V0 + 0
   \   000035   AB..         MOV     R3,?V0 + 1
   \   000037   12....       LCALL   ??osal_msg_deallocate?relay
    297          
    298                // Next - if one is available
    299                MSGpkt = (afIncomingMSGPacket_t *)osal_msg_receive( SampleApp_TaskID );
   \   00003A                ; Setup parameters for call to function osal_msg_receive
   \                     ??SampleApp_ProcessEvent_1:
   \   00003A   90....       MOV     DPTR,#SampleApp_TaskID
   \   00003D   E0           MOVX    A,@DPTR
   \   00003E   F9           MOV     R1,A
   \   00003F   12....       LCALL   ??osal_msg_receive?relay
   \   000042   8A..         MOV     ?V0 + 0,R2
   \   000044   8B..         MOV     ?V0 + 1,R3
   \   000046   E5..         MOV     A,?V0 + 0
   \   000048   45..         ORL     A,?V0 + 1
   \   00004A   6032         JZ      ??SampleApp_ProcessEvent_5
   \   00004C   85..82       MOV     DPL,?V0 + 0
   \   00004F   85..83       MOV     DPH,?V0 + 1
   \   000052   E0           MOVX    A,@DPTR
   \   000053   24E6         ADD     A,#-0x1a
   \   000055   601E         JZ      ??SampleApp_ProcessEvent_6
   \   000057   245A         ADD     A,#0x5a
   \   000059   6006         JZ      ??SampleApp_ProcessEvent_7
   \   00005B   24EF         ADD     A,#-0x11
   \   00005D   60B0         JZ      ??SampleApp_ProcessEvent_2
   \   00005F   80D2         SJMP    ??SampleApp_ProcessEvent_4
   \                     ??SampleApp_ProcessEvent_7:
   \   000061                ; Setup parameters for call to function SampleApp_HandleKeys
   \   000061   A3           INC     DPTR
   \   000062   A3           INC     DPTR
   \   000063   A3           INC     DPTR
   \   000064   E0           MOVX    A,@DPTR
   \   000065   FA           MOV     R2,A
   \   000066   85..82       MOV     DPL,?V0 + 0
   \   000069   85..83       MOV     DPH,?V0 + 1
   \   00006C   A3           INC     DPTR
   \   00006D   A3           INC     DPTR
   \   00006E   E0           MOVX    A,@DPTR
   \   00006F   F9           MOV     R1,A
   \   000070   12....       LCALL   ??SampleApp_HandleKeys?relay
   \   000073   80BE         SJMP    ??SampleApp_ProcessEvent_4
   \                     ??SampleApp_ProcessEvent_6:
   \   000075                ; Setup parameters for call to function SampleApp_MessageMSGCB
   \   000075   AA..         MOV     R2,?V0 + 0
   \   000077   AB..         MOV     R3,?V0 + 1
   \   000079   12....       LCALL   ??SampleApp_MessageMSGCB?relay
   \   00007C   80B5         SJMP    ??SampleApp_ProcessEvent_4
    300              }
    301          
    302              // return unprocessed events
    303              return (events ^ SYS_EVENT_MSG);
   \                     ??SampleApp_ProcessEvent_5:
   \   00007E   EE           MOV     A,R6
   \   00007F   FA           MOV     R2,A
   \   000080   EF           MOV     A,R7
   \   000081   6480         XRL     A,#0x80
   \                     ??SampleApp_ProcessEvent_8:
   \   000083   FB           MOV     R3,A
   \   000084   802A         SJMP    ??SampleApp_ProcessEvent_9
    304            }
    305          
    306            // Send a message out - This event is generated by a timer
    307            //  (setup in SampleApp_Init()).
    308            if ( events & SAMPLEAPP_SEND_PERIODIC_MSG_EVT )
   \                     ??SampleApp_ProcessEvent_0:
   \   000086   EE           MOV     A,R6
   \   000087   A2E0         MOV     C,0xE0 /* A   */.0
   \   000089   5021         JNC     ??SampleApp_ProcessEvent_10
    309            {
    310              // Send the periodic message
    311              SampleApp_SendPeriodicMessage();
   \   00008B                ; Setup parameters for call to function SampleApp_SendPeriodicMessage
   \   00008B   12....       LCALL   ??SampleApp_SendPeriodicMessage?relay
    312          
    313              // Setup to send message again in normal period (+ a little jitter)
    314              osal_start_timerEx( SampleApp_TaskID, SAMPLEAPP_SEND_PERIODIC_MSG_EVT,
    315                  (SAMPLEAPP_SEND_PERIODIC_MSG_TIMEOUT + (osal_rand() & 0x00FF)) );
   \   00008E                ; Setup parameters for call to function osal_rand
   \   00008E   12....       LCALL   ??osal_rand?relay
   \   000091                ; Setup parameters for call to function osal_start_timerEx
   \   000091   EA           MOV     A,R2
   \   000092   2488         ADD     A,#-0x78
   \   000094   FC           MOV     R4,A
   \   000095   E4           CLR     A
   \   000096   3413         ADDC    A,#0x13
   \   000098   FD           MOV     R5,A
   \   000099   7A01         MOV     R2,#0x1
   \   00009B   7B00         MOV     R3,#0x0
   \   00009D   90....       MOV     DPTR,#SampleApp_TaskID
   \   0000A0   E0           MOVX    A,@DPTR
   \   0000A1   F9           MOV     R1,A
   \   0000A2   12....       LCALL   ??osal_start_timerEx?relay
    316          
    317              // return unprocessed events
    318              return (events ^ SAMPLEAPP_SEND_PERIODIC_MSG_EVT);
   \   0000A5   EE           MOV     A,R6
   \   0000A6   6401         XRL     A,#0x1
   \   0000A8   FA           MOV     R2,A
   \   0000A9   EF           MOV     A,R7
   \   0000AA   80D7         SJMP    ??SampleApp_ProcessEvent_8
    319            }
    320          
    321            // Discard unknown events
    322            return 0;
   \                     ??SampleApp_ProcessEvent_10:
   \   0000AC   7A00         MOV     R2,#0x0
   \   0000AE   7B00         MOV     R3,#0x0
   \                     ??SampleApp_ProcessEvent_9:
   \   0000B0   7F04         MOV     R7,#0x4
   \   0000B2   02....       LJMP    ?BANKED_LEAVE_XDATA
    323          }
    324          
    325          /*********************************************************************
    326           * Event Generation Functions
    327           */
    328          /*********************************************************************
    329           * @fn      SampleApp_HandleKeys
    330           *
    331           * @brief   Handles all key events for this device.
    332           *
    333           * @param   shift - true if in shift/alt.
    334           * @param   keys - bit field for key events. Valid entries:
    335           *                 HAL_KEY_SW_2
    336           *                 HAL_KEY_SW_1
    337           *
    338           * @return  none
    339           */

   \                                 In  segment BANKED_CODE, align 1, keep-with-next
    340          void SampleApp_HandleKeys( uint8 shift, uint8 keys )
   \                     SampleApp_HandleKeys:
    341          {
   \   000000   74F6         MOV     A,#-0xa
   \   000002   12....       LCALL   ?BANKED_ENTER_XDATA
   \   000005                ; Saved register size: 10
   \   000005                ; Auto size: 0
   \   000005   EA           MOV     A,R2
   \   000006   FE           MOV     R6,A
    342            (void)shift;  // Intentionally unreferenced parameter
    343            
    344            if ( keys & HAL_KEY_SW_1 )
   \   000007   A2E0         MOV     C,0xE0 /* A   */.0
   \   000009   5007         JNC     ??SampleApp_HandleKeys_0
    345            {
    346              /* This key sends the Flash Command is sent to Group 1.
    347               * This device will not receive the Flash Command from this
    348               * device (even if it belongs to group 1).
    349               */
    350              SampleApp_SendFlashMessage( SAMPLEAPP_FLASH_DURATION );
   \   00000B                ; Setup parameters for call to function SampleApp_SendFlashMessage
   \   00000B   7AE8         MOV     R2,#-0x18
   \   00000D   7B03         MOV     R3,#0x3
   \   00000F   12....       LCALL   ??SampleApp_SendFlashMessage?relay
    351            }
    352          
    353            if ( keys & HAL_KEY_SW_2 )
   \                     ??SampleApp_HandleKeys_0:
   \   000012   EE           MOV     A,R6
   \   000013   A2E1         MOV     C,0xE0 /* A   */.1
   \   000015   5024         JNC     ??SampleApp_HandleKeys_1
    354            {
    355              /* The Flashr Command is sent to Group 1.
    356               * This key toggles this device in and out of group 1.
    357               * If this device doesn't belong to group 1, this application
    358               * will not receive the Flash command sent to group 1.
    359               */
    360              aps_Group_t *grp;
    361              grp = aps_FindGroup( SAMPLEAPP_ENDPOINT, SAMPLEAPP_FLASH_GROUP );
    362              if ( grp )
   \   000017                ; Setup parameters for call to function aps_FindGroup
   \   000017   7A01         MOV     R2,#0x1
   \   000019   7B00         MOV     R3,#0x0
   \   00001B   7914         MOV     R1,#0x14
   \   00001D   12....       LCALL   ??aps_FindGroup?relay
   \   000020   8B..         MOV     ?V0 + 1,R3
   \   000022   EA           MOV     A,R2
   \   000023   45..         ORL     A,?V0 + 1
   \   000025   600B         JZ      ??SampleApp_HandleKeys_2
    363              {
    364                // Remove from the group
    365                aps_RemoveGroup( SAMPLEAPP_ENDPOINT, SAMPLEAPP_FLASH_GROUP );
   \   000027                ; Setup parameters for call to function aps_RemoveGroup
   \   000027   7A01         MOV     R2,#0x1
   \   000029   7B00         MOV     R3,#0x0
   \   00002B   7914         MOV     R1,#0x14
   \   00002D   12....       LCALL   ??aps_RemoveGroup?relay
   \   000030   8009         SJMP    ??SampleApp_HandleKeys_1
    366              }
    367              else
    368              {
    369                // Add to the flash group
    370                aps_AddGroup( SAMPLEAPP_ENDPOINT, &SampleApp_Group );
   \                     ??SampleApp_HandleKeys_2:
   \   000032                ; Setup parameters for call to function aps_AddGroup
   \   000032   7A..         MOV     R2,#SampleApp_Group & 0xff
   \   000034   7B..         MOV     R3,#(SampleApp_Group >> 8) & 0xff
   \   000036   7914         MOV     R1,#0x14
   \   000038   12....       LCALL   ??aps_AddGroup?relay
    371              }
    372            }
    373          }
   \                     ??SampleApp_HandleKeys_1:
   \   00003B   80..         SJMP    ??Subroutine1_0

   \                                 In  segment BANKED_CODE, align 1, keep-with-next
   \                     ??Subroutine1_0:
   \   000000   7F02         MOV     R7,#0x2
   \   000002   02....       LJMP    ?BANKED_LEAVE_XDATA
    374          
    375          /*********************************************************************
    376           * LOCAL FUNCTIONS
    377           */
    378          
    379          /*********************************************************************
    380           * @fn      SampleApp_MessageMSGCB
    381           *
    382           * @brief   Data message processor callback.  This function processes
    383           *          any incoming data - probably from other devices.  So, based
    384           *          on cluster ID, perform the intended action.
    385           *
    386           * @param   none
    387           *
    388           * @return  none
    389           */

   \                                 In  segment BANKED_CODE, align 1, keep-with-next
    390          void SampleApp_MessageMSGCB( afIncomingMSGPacket_t *pkt )
   \                     SampleApp_MessageMSGCB:
    391          {
   \   000000   74F6         MOV     A,#-0xa
   \   000002   12....       LCALL   ?BANKED_ENTER_XDATA
   \   000005                ; Saved register size: 10
   \   000005                ; Auto size: 0
    392            uint16 flashTime;
    393          
    394            switch ( pkt->clusterId )
   \   000005   8A82         MOV     DPL,R2
   \   000007   8B83         MOV     DPH,R3
   \   000009   A3           INC     DPTR
   \   00000A   A3           INC     DPTR
   \   00000B   A3           INC     DPTR
   \   00000C   A3           INC     DPTR
   \   00000D   E0           MOVX    A,@DPTR
   \   00000E   6402         XRL     A,#0x2
   \   000010   7002         JNZ     ??SampleApp_MessageMSGCB_0
   \   000012   A3           INC     DPTR
   \   000013   E0           MOVX    A,@DPTR
   \                     ??SampleApp_MessageMSGCB_0:
   \   000014   703B         JNZ     ??SampleApp_MessageMSGCB_1
    395            {
    396              case SAMPLEAPP_PERIODIC_CLUSTERID:
    397                break;
    398          
    399              case SAMPLEAPP_FLASH_CLUSTERID:
    400                flashTime = BUILD_UINT16(pkt->cmd.Data[1], pkt->cmd.Data[2] );
    401                HalLedBlink( HAL_LED_4, 4, 50, (flashTime / 4) );
   \   000016   EA           MOV     A,R2
   \   000017   2421         ADD     A,#0x21
   \   000019   F582         MOV     DPL,A
   \   00001B   EB           MOV     A,R3
   \   00001C   3400         ADDC    A,#0x0
   \   00001E   F583         MOV     DPH,A
   \   000020   E0           MOVX    A,@DPTR
   \   000021   F8           MOV     R0,A
   \   000022   A3           INC     DPTR
   \   000023   E0           MOVX    A,@DPTR
   \   000024   F9           MOV     R1,A
   \   000025                ; Setup parameters for call to function HalLedBlink
   \   000025   8882         MOV     DPL,R0
   \   000027   8983         MOV     DPH,R1
   \   000029   A3           INC     DPTR
   \   00002A   E0           MOVX    A,@DPTR
   \   00002B   FA           MOV     R2,A
   \   00002C   8882         MOV     DPL,R0
   \   00002E   8983         MOV     DPH,R1
   \   000030   A3           INC     DPTR
   \   000031   A3           INC     DPTR
   \   000032   E0           MOVX    A,@DPTR
   \   000033   F9           MOV     R1,A
   \   000034   EA           MOV     A,R2
   \   000035   2400         ADD     A,#0x0
   \   000037   F5..         MOV     ?V0 + 0,A
   \   000039   E4           CLR     A
   \   00003A   39           ADDC    A,R1
   \   00003B   F5..         MOV     ?V0 + 1,A
   \   00003D   7402         MOV     A,#0x2
   \   00003F   78..         MOV     R0,#?V0 + 0
   \   000041   12....       LCALL   ?US_SHR
   \   000044   AC..         MOV     R4,?V0 + 0
   \   000046   AD..         MOV     R5,?V0 + 1
   \   000048   7B32         MOV     R3,#0x32
   \   00004A   7A04         MOV     R2,#0x4
   \   00004C   7908         MOV     R1,#0x8
   \   00004E   12....       LCALL   ??HalLedBlink?relay
    402                break;
    403            }
    404          }
   \                     ??SampleApp_MessageMSGCB_1:
   \   000051   80..         SJMP    ??Subroutine1_0
    405          
    406          /*********************************************************************
    407           * @fn      SampleApp_SendPeriodicMessage
    408           *
    409           * @brief   Send the periodic message.
    410           *
    411           * @param   none
    412           *
    413           * @return  none
    414           */

   \                                 In  segment BANKED_CODE, align 1, keep-with-next
   \                     ?Subroutine0:
   \   000000   12....       LCALL   ?DEALLOC_XSTACK8
   \   000003                REQUIRE ??Subroutine1_0
   \   000003                ; // Fall through to label ??Subroutine1_0

   \                                 In  segment BANKED_CODE, align 1, keep-with-next
    415          void SampleApp_SendPeriodicMessage( void )
   \                     SampleApp_SendPeriodicMessage:
    416          {
   \   000000   74F6         MOV     A,#-0xa
   \   000002   12....       LCALL   ?BANKED_ENTER_XDATA
   \   000005                ; Saved register size: 10
   \   000005                ; Auto size: 0
    417            if ( AF_DataRequest( &SampleApp_Periodic_DstAddr, &SampleApp_epDesc,
    418                                 SAMPLEAPP_PERIODIC_CLUSTERID,
    419                                 1,
    420                                 (uint8*)&SampleAppPeriodicCounter,
    421                                 &SampleApp_TransID,
    422                                 AF_DISCV_ROUTE,
    423                                 AF_DEFAULT_RADIUS ) == afStatus_SUCCESS )
   \   000005                ; Setup parameters for call to function AF_DataRequest
   \   000005   75..1E       MOV     ?V0 + 0,#0x1e
   \   000008   78..         MOV     R0,#?V0 + 0
   \   00000A   12....       LCALL   ?PUSH_XSTACK_I_ONE
   \   00000D   75....       MOV     ?V0 + 0,#SampleApp_TransID & 0xff
   \   000010   75....       MOV     ?V0 + 1,#(SampleApp_TransID >> 8) & 0xff
   \   000013   78..         MOV     R0,#?V0 + 0
   \   000015   12....       LCALL   ?PUSH_XSTACK_I_TWO
   \   000018   75....       MOV     ?V0 + 0,#SampleAppPeriodicCounter & 0xff
   \   00001B   75....       MOV     ?V0 + 1,#(SampleAppPeriodicCounter >> 8) & 0xff
   \   00001E   78..         MOV     R0,#?V0 + 0
   \   000020   12....       LCALL   ?PUSH_XSTACK_I_TWO
   \   000023   75..01       MOV     ?V0 + 0,#0x1
   \   000026   75..00       MOV     ?V0 + 1,#0x0
   \   000029   78..         MOV     R0,#?V0 + 0
   \   00002B   12....       LCALL   ?PUSH_XSTACK_I_TWO
   \   00002E   78..         MOV     R0,#?V0 + 0
   \   000030   12....       LCALL   ?PUSH_XSTACK_I_TWO
   \   000033   7920         MOV     R1,#0x20
   \   000035   7C..         MOV     R4,#SampleApp_epDesc & 0xff
   \   000037   7D..         MOV     R5,#(SampleApp_epDesc >> 8) & 0xff
   \   000039   7A..         MOV     R2,#SampleApp_Periodic_DstAddr & 0xff
   \   00003B   7B..         MOV     R3,#(SampleApp_Periodic_DstAddr >> 8) & 0xff
   \   00003D   12....       LCALL   ??AF_DataRequest?relay
   \   000040   7409         MOV     A,#0x9
   \   000042   02....       LJMP    ?Subroutine0 & 0xFFFF
    424            {
    425            }
    426            else
    427            {
    428              // Error occurred in request to send.
    429            }
    430          }
    431          
    432          /*********************************************************************
    433           * @fn      SampleApp_SendFlashMessage
    434           *
    435           * @brief   Send the flash message to group 1.
    436           *
    437           * @param   flashTime - in milliseconds
    438           *
    439           * @return  none
    440           */

   \                                 In  segment BANKED_CODE, align 1, keep-with-next
    441          void SampleApp_SendFlashMessage( uint16 flashTime )
   \                     SampleApp_SendFlashMessage:
    442          {
   \   000000   74F6         MOV     A,#-0xa
   \   000002   12....       LCALL   ?BANKED_ENTER_XDATA
   \   000005                ; Saved register size: 10
   \   000005                ; Auto size: 3
   \   000005   74FD         MOV     A,#-0x3
   \   000007   12....       LCALL   ?ALLOC_XSTACK8
    443            uint8 buffer[3];
    444            buffer[0] = (uint8)(SampleAppFlashCounter++);
   \   00000A   90....       MOV     DPTR,#SampleAppFlashCounter
   \   00000D   E0           MOVX    A,@DPTR
   \   00000E   85..82       MOV     DPL,?XSP + 0
   \   000011   85..83       MOV     DPH,?XSP + 1
   \   000014   F0           MOVX    @DPTR,A
   \   000015   90....       MOV     DPTR,#SampleAppFlashCounter
   \   000018   E0           MOVX    A,@DPTR
   \   000019   04           INC     A
   \   00001A   F0           MOVX    @DPTR,A
    445            buffer[1] = LO_UINT16( flashTime );
   \   00001B   7401         MOV     A,#0x1
   \   00001D   12....       LCALL   ?XSTACK_DISP0_8
   \   000020   EA           MOV     A,R2
   \   000021   F0           MOVX    @DPTR,A
    446            buffer[2] = HI_UINT16( flashTime );
   \   000022   7402         MOV     A,#0x2
   \   000024   12....       LCALL   ?XSTACK_DISP0_8
   \   000027   EB           MOV     A,R3
   \   000028   F0           MOVX    @DPTR,A
    447          
    448            if ( AF_DataRequest( &SampleApp_Flash_DstAddr, &SampleApp_epDesc,
    449                                 SAMPLEAPP_FLASH_CLUSTERID,
    450                                 3,
    451                                 buffer,
    452                                 &SampleApp_TransID,
    453                                 AF_DISCV_ROUTE,
    454                                 AF_DEFAULT_RADIUS ) == afStatus_SUCCESS )
   \   000029                ; Setup parameters for call to function AF_DataRequest
   \   000029   75..1E       MOV     ?V0 + 0,#0x1e
   \   00002C   78..         MOV     R0,#?V0 + 0
   \   00002E   12....       LCALL   ?PUSH_XSTACK_I_ONE
   \   000031   75....       MOV     ?V0 + 0,#SampleApp_TransID & 0xff
   \   000034   75....       MOV     ?V0 + 1,#(SampleApp_TransID >> 8) & 0xff
   \   000037   78..         MOV     R0,#?V0 + 0
   \   000039   12....       LCALL   ?PUSH_XSTACK_I_TWO
   \   00003C   7403         MOV     A,#0x3
   \   00003E   12....       LCALL   ?XSTACK_DISP0_8
   \   000041   8582..       MOV     ?V0 + 0,DPL
   \   000044   8583..       MOV     ?V0 + 1,DPH
   \   000047   78..         MOV     R0,#?V0 + 0
   \   000049   12....       LCALL   ?PUSH_XSTACK_I_TWO
   \   00004C   75..03       MOV     ?V0 + 0,#0x3
   \   00004F   75..00       MOV     ?V0 + 1,#0x0
   \   000052   78..         MOV     R0,#?V0 + 0
   \   000054   12....       LCALL   ?PUSH_XSTACK_I_TWO
   \   000057   75..02       MOV     ?V0 + 0,#0x2
   \   00005A   78..         MOV     R0,#?V0 + 0
   \   00005C   12....       LCALL   ?PUSH_XSTACK_I_TWO
   \   00005F   7920         MOV     R1,#0x20
   \   000061   7C..         MOV     R4,#SampleApp_epDesc & 0xff
   \   000063   7D..         MOV     R5,#(SampleApp_epDesc >> 8) & 0xff
   \   000065   7A..         MOV     R2,#SampleApp_Flash_DstAddr & 0xff
   \   000067   7B..         MOV     R3,#(SampleApp_Flash_DstAddr >> 8) & 0xff
   \   000069   12....       LCALL   ??AF_DataRequest?relay
   \   00006C   7409         MOV     A,#0x9
   \   00006E   12....       LCALL   ?DEALLOC_XSTACK8
    455            {
    456            }
    457            else
    458            {
    459              // Error occurred in request to send.
    460            }
    461          }
   \   000071   7403         MOV     A,#0x3
   \   000073   02....       LJMP    ?Subroutine0 & 0xFFFF

   \                                 In  segment BANK_RELAYS, align 1
   \                     ??SampleApp_Init?relay:
   \   000000   12....       LCALL   ?BDISPATCH
   \   000003   ......       DC24    SampleApp_Init

   \                                 In  segment BANK_RELAYS, align 1
   \                     ??SampleApp_ProcessEvent?relay:
   \   000000   12....       LCALL   ?BDISPATCH
   \   000003   ......       DC24    SampleApp_ProcessEvent

   \                                 In  segment BANK_RELAYS, align 1
   \                     ??SampleApp_HandleKeys?relay:
   \   000000   12....       LCALL   ?BDISPATCH
   \   000003   ......       DC24    SampleApp_HandleKeys

   \                                 In  segment BANK_RELAYS, align 1
   \                     ??SampleApp_MessageMSGCB?relay:
   \   000000   12....       LCALL   ?BDISPATCH
   \   000003   ......       DC24    SampleApp_MessageMSGCB

   \                                 In  segment BANK_RELAYS, align 1
   \                     ??SampleApp_SendPeriodicMessage?relay:
   \   000000   12....       LCALL   ?BDISPATCH
   \   000003   ......       DC24    SampleApp_SendPeriodicMessage

   \                                 In  segment BANK_RELAYS, align 1
   \                     ??SampleApp_SendFlashMessage?relay:
   \   000000   12....       LCALL   ?BDISPATCH
   \   000003   ......       DC24    SampleApp_SendFlashMessage

   \                                 In  segment XDATA_ROM_C, align 1
   \                     `?<Constant "123">`:
   \   000000   31323300     DB "123"

   \                                 In  segment XDATA_ROM_C, align 1
   \                     `?<Constant "Group 1">`:
   \   000000   47726F75     DB "Group 1"
   \            70203100

   \                                 In  segment XDATA_ROM_C, align 1
   \                     `?<Constant "SampleApp">`:
   \   000000   53616D70     DB "SampleApp"
   \            6C654170
   \            7000    
    462          
    463          /*********************************************************************
    464          *********************************************************************/

   Maximum stack usage in bytes:

     Function                       ISTACK PSTACK XSTACK
     --------                       ------ ------ ------
     SampleApp_HandleKeys               0      0     22
       -> SampleApp_SendFlashMessage
                                        0      0     20
       -> aps_FindGroup                 0      0     20
       -> aps_RemoveGroup               0      0     20
       -> aps_AddGroup                  0      0     20
     SampleApp_Init                     0      0     14
       -> HalUARTWrite                  0      0     22
       -> afRegister                    0      0     22
       -> RegisterForKeys               0      0     22
       -> osal_memcpy                   0      0     28
       -> aps_AddGroup                  0      0     22
       -> HalLcdWriteString             0      0     22
     SampleApp_MessageMSGCB             0      0     22
       -> HalLedBlink                   0      0     20
     SampleApp_ProcessEvent             0      0     12
       -> osal_msg_receive              0      0     24
       -> osal_start_timerEx            0      0     24
       -> osal_msg_deallocate           0      0     24
       -> osal_msg_receive              0      0     24
       -> SampleApp_HandleKeys          0      0     24
       -> SampleApp_MessageMSGCB        0      0     24
       -> SampleApp_SendPeriodicMessage
                                        0      0     24
       -> osal_rand                     0      0     24
       -> osal_start_timerEx            0      0     24
     SampleApp_SendFlashMessage         1      0     32
       -> AF_DataRequest                0      0     44
     SampleApp_SendPeriodicMessage      0      0     31
       -> AF_DataRequest                0      0     38


   Segment part sizes:

     Function/Label                        Bytes
     --------------                        -----
     SampleApp_ClusterList                    4
     SampleApp_SimpleDesc                    12
     SampleApp_epDesc                         6
     SampleApp_TaskID                         1
     SampleApp_NwkState                       1
     SampleApp_TransID                        1
     SampleApp_Periodic_DstAddr              12
     SampleApp_Flash_DstAddr                 12
     SampleApp_Group                         18
     SampleAppPeriodicCounter                 1
     SampleAppFlashCounter                    1
     SampleApp_Init                         170
     SampleApp_ProcessEvent                 181
     SampleApp_HandleKeys                    61
     ??Subroutine1_0                          5
     SampleApp_MessageMSGCB                  83
     ?Subroutine0                             3
     SampleApp_SendPeriodicMessage           69
     SampleApp_SendFlashMessage             118
     ??SampleApp_Init?relay                   6
     ??SampleApp_ProcessEvent?relay           6
     ??SampleApp_HandleKeys?relay             6
     ??SampleApp_MessageMSGCB?relay           6
     ??SampleApp_SendPeriodicMessage?relay    6
     ??SampleApp_SendFlashMessage?relay       6
     ?<Constant "123">                        4
     ?<Constant "Group 1">                    8
     ?<Constant "SampleApp">                 10

 
 690 bytes in segment BANKED_CODE
  36 bytes in segment BANK_RELAYS
  38 bytes in segment XDATA_ROM_C
  53 bytes in segment XDATA_Z
 
 726 bytes of CODE  memory
  38 bytes of CONST memory
  53 bytes of XDATA memory

Errors: none
Warnings: none
